<?xml version="1.0" encoding="UTF-8"?>
<testng-results skipped="0" failed="0" ignored="0" total="1" passed="1">
  <reporter-output>
  </reporter-output>
  <suite name="Default suite" duration-ms="21831" started-at="2018-11-25T19:40:22Z" finished-at="2018-11-25T19:40:44Z">
    <groups>
    </groups>
    <test name="Default test" duration-ms="21831" started-at="2018-11-25T19:40:22Z" finished-at="2018-11-25T19:40:44Z">
      <class name="trainLineAppTest2package.TrainLine">
        <test-method status="PASS" signature="setUp()[pri:0, instance:trainLineAppTest2package.TrainLine@14acaea5]" name="setUp" is-config="true" duration-ms="69" started-at="2018-11-25T19:40:22Z" finished-at="2018-11-25T19:40:22Z">
          <reporter-output>
          </reporter-output>
        </test-method> <!-- setUp -->
        <test-method status="PASS" signature="setUp()[pri:0, instance:trainLineAppTest2package.TrainLine@14acaea5]" name="setUp" is-config="true" duration-ms="1" started-at="2018-11-25T19:40:22Z" finished-at="2018-11-25T19:40:22Z">
          <reporter-output>
          </reporter-output>
        </test-method> <!-- setUp -->
        <test-method status="PASS" signature="testApp()[pri:0, instance:trainLineAppTest2package.TrainLine@14acaea5]" name="testApp" duration-ms="21718" started-at="2018-11-25T19:40:22Z" finished-at="2018-11-25T19:40:44Z">
          <reporter-output>
          </reporter-output>
        </test-method> <!-- testApp -->
      </class> <!-- trainLineAppTest2package.TrainLine -->
    </test> <!-- Default test -->
  </suite> <!-- Default suite -->
</testng-results>
